{"level":"info","message":"Monthly Notificaitons.js - Started @(Mon May 02 2016 18:34:31 GMT-0400 (EDT))","timestamp":"2016-05-02T22:34:31.578Z"}
{"level":"info","message":"MongoDB One Time Connection Established!","timestamp":"2016-05-02T22:34:32.133Z"}
{"level":"info","message":"getLocationAdminEmails ","timestamp":"2016-05-02T22:34:32.134Z"}
{"level":"info","message":"Found Settings Data.","timestamp":"2016-05-02T22:34:32.181Z"}
{"level":"info","message":"getLocationAdminEmails ","timestamp":"2016-05-02T22:34:32.181Z"}
{"level":"info","message":"corporateAdminEmails [matthew.s.schmitz@gmail.com,amandap@discovercesolutions.com,debm@discovercesolutions.com,mschmitz@qci.com,jessicag@discovercesolutions.com]","timestamp":"2016-05-02T22:34:32.224Z"}
{"level":"info","message":"getLocationAdminEmails  {\"56bbf1218e42e8740d1ad6d2\":[\"indyeastadm@millersmerrymanor.com\"],\"56bbf1d28e42e8740d1ad6e5\":[\"wakarusaadm@millersmerrymanor.com\"],\"56bbf0cb8e42e8740d1ad6c6\":[\"castletoadm@millersmerrymanor.com\"],\"56bbf0d18e42e8740d1ad6c7\":[\"chesterfieldadm@millersmerrymanor.com\"],\"56bbf0f38e42e8740d1ad6cc\":[\"garrettadm@millersmerrymanor.com\"],\"56bbf0e08e42e8740d1ad6c9\":[\"culveradm@millersmerrymanor.com\"],\"56bbf0ee8e42e8740d1ad6cb\":[\"fortwayneadm@millersmerrymanor.com\"],\"56bbf0e68e42e8740d1ad6ca\":[\"dunkirkadm@millersmerrymanor.com\"],\"56bbf1a68e42e8740d1ad6de\":[\"rockportadm@millersmerrymanor.com\"],\"56bbf0da8e42e8740d1ad6c8\":[\"columbiacityadm@millersmerrymanor.com\"],\"56bbf1908e42e8740d1ad6db\":[\"peruadm@millersmerrymanor.com\"],\"56bbf1a28e42e8740d1ad6dd\":[\"portageadm@millersmerrymanor.com\"],\"56bbf1c88e42e8740d1ad6e3\":[\"wabasheastadm@millersmerrymanor.com\"],\"56bbf1d78e42e8740d1ad6e6\":[\"walkertonadm@millersmerrymanor.com\"],\"56bbf1bc8e42e8740d1ad6e1\":[\"syracuseadm@millersmerrymanor.com\"],\"56bbf16b8e42e8740d1ad6d5\":[\"logansportadm@millersmerrymanor.com\"],\"56bbf1b28e42e8740d1ad6e0\":[\"sullivanadm@millersmerrymanor.com\"],\"56bbf1298e42e8740d1ad6d3\":[\"lagrangeadm@millersmerrymanor.com\"],\"56bbf1128e42e8740d1ad6d0\":[\"hopeadm@millersmerrymanor.com\"],\"56bbf1648e42e8740d1ad6d4\":[\"laporteadm@millersmerrymanor.com\"],\"56bbf1cc8e42e8740d1ad6e4\":[\"wabashwestadm@millersmerrymanor.com\"],\"56bbf17d8e42e8740d1ad6d8\":[\"mooresvilleadm@millersmerrymanor.com\"],\"56bbf1048e42e8740d1ad6ce\":[\"hobartadm@millersmerrymanor.com\"],\"56bbf11a8e42e8740d1ad6d1\":[\"huntingtonadm@millersmerrymanor.com\"],\"56bbf1718e42e8740d1ad6d6\":[\"marionadm@millersmerrymanor.com\"],\"56bbf1778e42e8740d1ad6d7\":[\"middletownadm@millersmerrymanor.com\"],\"56bbf1ad8e42e8740d1ad6df\":[\"rushvilleadm@millersmerrymanor.com\"],\"56bbf1de8e42e8740d1ad6e7\":[\"warsawadm@millersmerrymanor.com\"],\"56bbf1998e42e8740d1ad6dc\":[\"plymouthadm@millersmerrymanor.com\"],\"56bbf0c38e42e8740d1ad6c5\":[\"debm@discovercesolutions.com\",\"arboradm@millersmerrymanor.com\",\"ln@test.com\"]}","timestamp":"2016-05-02T22:34:32.224Z"}
{"level":"info","message":"Email Server  Connection Established","timestamp":"2016-05-02T22:34:32.625Z"}
{"level":"info","message":"Found (2811) Employees. ","timestamp":"2016-05-02T22:34:33.277Z"}
{"level":"info","message":"Location (Tipton) for Emails: [matthew.s.schmitz@gmail.com,amandap@discovercesolutions.com,debm@discovercesolutions.com,mschmitz@qci.com,jessicag@discovercesolutions.com]","timestamp":"2016-05-02T22:34:34.671Z"}
{"level":"info","message":"Location (Plymouth) for Emails: [plymouthadm@millersmerrymanor.com,matthew.s.schmitz@gmail.com,amandap@discovercesolutions.com,debm@discovercesolutions.com,mschmitz@qci.com,jessicag@discovercesolutions.com]","timestamp":"2016-05-02T22:34:34.674Z"}
{"level":"info","message":"Location (Marion) for Emails: [marionadm@millersmerrymanor.com,matthew.s.schmitz@gmail.com,amandap@discovercesolutions.com,debm@discovercesolutions.com,mschmitz@qci.com,jessicag@discovercesolutions.com]","timestamp":"2016-05-02T22:34:34.675Z"}
{"level":"info","message":"Location (Chesterfield) for Emails: [chesterfieldadm@millersmerrymanor.com,matthew.s.schmitz@gmail.com,amandap@discovercesolutions.com,debm@discovercesolutions.com,mschmitz@qci.com,jessicag@discovercesolutions.com]","timestamp":"2016-05-02T22:34:34.675Z"}
{"level":"info","message":"Location (Wabash West) for Emails: [wabashwestadm@millersmerrymanor.com,matthew.s.schmitz@gmail.com,amandap@discovercesolutions.com,debm@discovercesolutions.com,mschmitz@qci.com,jessicag@discovercesolutions.com]","timestamp":"2016-05-02T22:34:34.675Z"}
{"level":"info","message":"Location (Logansport) for Emails: [logansportadm@millersmerrymanor.com,matthew.s.schmitz@gmail.com,amandap@discovercesolutions.com,debm@discovercesolutions.com,mschmitz@qci.com,jessicag@discovercesolutions.com]","timestamp":"2016-05-02T22:34:34.677Z"}
{"level":"info","message":"Location (Sullivan) for Emails: [sullivanadm@millersmerrymanor.com,matthew.s.schmitz@gmail.com,amandap@discovercesolutions.com,debm@discovercesolutions.com,mschmitz@qci.com,jessicag@discovercesolutions.com]","timestamp":"2016-05-02T22:34:34.677Z"}
{"level":"info","message":"Location (Oak Pointe) for Emails: [matthew.s.schmitz@gmail.com,amandap@discovercesolutions.com,debm@discovercesolutions.com,mschmitz@qci.com,jessicag@discovercesolutions.com]","timestamp":"2016-05-02T22:34:34.678Z"}
{"level":"info","message":"Location (Wabash East) for Emails: [wabasheastadm@millersmerrymanor.com,matthew.s.schmitz@gmail.com,amandap@discovercesolutions.com,debm@discovercesolutions.com,mschmitz@qci.com,jessicag@discovercesolutions.com]","timestamp":"2016-05-02T22:34:34.680Z"}
{"level":"info","message":"Location (Rushville) for Emails: [rushvilleadm@millersmerrymanor.com,matthew.s.schmitz@gmail.com,amandap@discovercesolutions.com,debm@discovercesolutions.com,mschmitz@qci.com,jessicag@discovercesolutions.com]","timestamp":"2016-05-02T22:34:34.681Z"}
{"level":"info","message":"Location (Mooresville) for Emails: [mooresvilleadm@millersmerrymanor.com,matthew.s.schmitz@gmail.com,amandap@discovercesolutions.com,debm@discovercesolutions.com,mschmitz@qci.com,jessicag@discovercesolutions.com]","timestamp":"2016-05-02T22:34:34.681Z"}
{"level":"info","message":"Location (Hobart) for Emails: [hobartadm@millersmerrymanor.com,matthew.s.schmitz@gmail.com,amandap@discovercesolutions.com,debm@discovercesolutions.com,mschmitz@qci.com,jessicag@discovercesolutions.com]","timestamp":"2016-05-02T22:34:34.682Z"}
{"level":"info","message":"Location (Columbia City) for Emails: [columbiacityadm@millersmerrymanor.com,matthew.s.schmitz@gmail.com,amandap@discovercesolutions.com,debm@discovercesolutions.com,mschmitz@qci.com,jessicag@discovercesolutions.com]","timestamp":"2016-05-02T22:34:34.682Z"}
{"level":"info","message":"Location (Home Office) for Emails: [matthew.s.schmitz@gmail.com,amandap@discovercesolutions.com,debm@discovercesolutions.com,mschmitz@qci.com,jessicag@discovercesolutions.com]","timestamp":"2016-05-02T22:34:34.683Z"}
{"level":"info","message":"Location (Portage) for Emails: [portageadm@millersmerrymanor.com,matthew.s.schmitz@gmail.com,amandap@discovercesolutions.com,debm@discovercesolutions.com,mschmitz@qci.com,jessicag@discovercesolutions.com]","timestamp":"2016-05-02T22:34:34.683Z"}
{"level":"info","message":"Location (Huntington) for Emails: [huntingtonadm@millersmerrymanor.com,matthew.s.schmitz@gmail.com,amandap@discovercesolutions.com,debm@discovercesolutions.com,mschmitz@qci.com,jessicag@discovercesolutions.com]","timestamp":"2016-05-02T22:34:34.685Z"}
{"level":"info","message":"Location (Wakarusa) for Emails: [wakarusaadm@millersmerrymanor.com,matthew.s.schmitz@gmail.com,amandap@discovercesolutions.com,debm@discovercesolutions.com,mschmitz@qci.com,jessicag@discovercesolutions.com]","timestamp":"2016-05-02T22:34:34.686Z"}
{"level":"info","message":"Location (Dunkirk) for Emails: [dunkirkadm@millersmerrymanor.com,matthew.s.schmitz@gmail.com,amandap@discovercesolutions.com,debm@discovercesolutions.com,mschmitz@qci.com,jessicag@discovercesolutions.com]","timestamp":"2016-05-02T22:34:34.687Z"}
{"level":"info","message":"Location (Warsaw) for Emails: [warsawadm@millersmerrymanor.com,matthew.s.schmitz@gmail.com,amandap@discovercesolutions.com,debm@discovercesolutions.com,mschmitz@qci.com,jessicag@discovercesolutions.com]","timestamp":"2016-05-02T22:34:34.688Z"}
{"level":"info","message":"Location (Garrett) for Emails: [garrettadm@millersmerrymanor.com,matthew.s.schmitz@gmail.com,amandap@discovercesolutions.com,debm@discovercesolutions.com,mschmitz@qci.com,jessicag@discovercesolutions.com]","timestamp":"2016-05-02T22:34:34.689Z"}
{"level":"info","message":"Location (Hartford City) for Emails: [matthew.s.schmitz@gmail.com,amandap@discovercesolutions.com,debm@discovercesolutions.com,mschmitz@qci.com,jessicag@discovercesolutions.com]","timestamp":"2016-05-02T22:34:34.690Z"}
{"level":"info","message":"Location (Syracuse) for Emails: [syracuseadm@millersmerrymanor.com,matthew.s.schmitz@gmail.com,amandap@discovercesolutions.com,debm@discovercesolutions.com,mschmitz@qci.com,jessicag@discovercesolutions.com]","timestamp":"2016-05-02T22:34:34.690Z"}
{"level":"info","message":"Location (Middletown) for Emails: [middletownadm@millersmerrymanor.com,matthew.s.schmitz@gmail.com,amandap@discovercesolutions.com,debm@discovercesolutions.com,mschmitz@qci.com,jessicag@discovercesolutions.com]","timestamp":"2016-05-02T22:34:34.690Z"}
{"level":"info","message":"Location (Castleton) for Emails: [castletoadm@millersmerrymanor.com,matthew.s.schmitz@gmail.com,amandap@discovercesolutions.com,debm@discovercesolutions.com,mschmitz@qci.com,jessicag@discovercesolutions.com]","timestamp":"2016-05-02T22:34:34.691Z"}
{"level":"info","message":"Location (Walkerton) for Emails: [walkertonadm@millersmerrymanor.com,matthew.s.schmitz@gmail.com,amandap@discovercesolutions.com,debm@discovercesolutions.com,mschmitz@qci.com,jessicag@discovercesolutions.com]","timestamp":"2016-05-02T22:34:34.692Z"}
{"level":"info","message":"Location (Culver) for Emails: [culveradm@millersmerrymanor.com,matthew.s.schmitz@gmail.com,amandap@discovercesolutions.com,debm@discovercesolutions.com,mschmitz@qci.com,jessicag@discovercesolutions.com]","timestamp":"2016-05-02T22:34:34.693Z"}
{"level":"info","message":"Location (Fort Wayne) for Emails: [fortwayneadm@millersmerrymanor.com,matthew.s.schmitz@gmail.com,amandap@discovercesolutions.com,debm@discovercesolutions.com,mschmitz@qci.com,jessicag@discovercesolutions.com]","timestamp":"2016-05-02T22:34:34.694Z"}
{"level":"info","message":"Location (Hope) for Emails: [hopeadm@millersmerrymanor.com,matthew.s.schmitz@gmail.com,amandap@discovercesolutions.com,debm@discovercesolutions.com,mschmitz@qci.com,jessicag@discovercesolutions.com]","timestamp":"2016-05-02T22:34:34.694Z"}
{"level":"info","message":"Location (Arbor) for Emails: [debm@discovercesolutions.com,arboradm@millersmerrymanor.com,ln@test.com,matthew.s.schmitz@gmail.com,amandap@discovercesolutions.com,mschmitz@qci.com,jessicag@discovercesolutions.com]","timestamp":"2016-05-02T22:34:34.695Z"}
{"level":"info","message":"Location (Rockport) for Emails: [rockportadm@millersmerrymanor.com,matthew.s.schmitz@gmail.com,amandap@discovercesolutions.com,debm@discovercesolutions.com,mschmitz@qci.com,jessicag@discovercesolutions.com]","timestamp":"2016-05-02T22:34:34.695Z"}
{"level":"info","message":"Location (New Carlisle) for Emails: [matthew.s.schmitz@gmail.com,amandap@discovercesolutions.com,debm@discovercesolutions.com,mschmitz@qci.com,jessicag@discovercesolutions.com]","timestamp":"2016-05-02T22:34:34.695Z"}
{"level":"info","message":"Location (LaPorte) for Emails: [laporteadm@millersmerrymanor.com,matthew.s.schmitz@gmail.com,amandap@discovercesolutions.com,debm@discovercesolutions.com,mschmitz@qci.com,jessicag@discovercesolutions.com]","timestamp":"2016-05-02T22:34:34.697Z"}
{"level":"info","message":"Location (LaGrange) for Emails: [lagrangeadm@millersmerrymanor.com,matthew.s.schmitz@gmail.com,amandap@discovercesolutions.com,debm@discovercesolutions.com,mschmitz@qci.com,jessicag@discovercesolutions.com]","timestamp":"2016-05-02T22:34:34.697Z"}
{"level":"info","message":"Location (Peru) for Emails: [peruadm@millersmerrymanor.com,matthew.s.schmitz@gmail.com,amandap@discovercesolutions.com,debm@discovercesolutions.com,mschmitz@qci.com,jessicag@discovercesolutions.com]","timestamp":"2016-05-02T22:34:34.698Z"}
{"level":"info","message":"Location (Indy East) for Emails: [indyeastadm@millersmerrymanor.com,matthew.s.schmitz@gmail.com,amandap@discovercesolutions.com,debm@discovercesolutions.com,mschmitz@qci.com,jessicag@discovercesolutions.com]","timestamp":"2016-05-02T22:34:34.699Z"}
{"level":"info","message":"Closing Mongoose Connection.","timestamp":"2016-05-02T22:34:34.699Z"}
{"level":"info","message":"Monthly Notificaitons.js - Started @(Mon May 02 2016 18:34:51 GMT-0400 (EDT))","timestamp":"2016-05-02T22:34:51.066Z"}
{"level":"info","message":"MongoDB One Time Connection Established!","timestamp":"2016-05-02T22:34:51.638Z"}
{"level":"info","message":"getLocationAdminEmails ","timestamp":"2016-05-02T22:34:51.639Z"}
{"level":"info","message":"Found Settings Data.","timestamp":"2016-05-02T22:34:51.695Z"}
{"level":"info","message":"getLocationAdminEmails ","timestamp":"2016-05-02T22:34:51.696Z"}
{"level":"info","message":"corporateAdminEmails [matthew.s.schmitz@gmail.com,amandap@discovercesolutions.com,debm@discovercesolutions.com,mschmitz@qci.com,jessicag@discovercesolutions.com]","timestamp":"2016-05-02T22:34:51.739Z"}
{"level":"info","message":"getLocationAdminEmails  {\"56bbf1218e42e8740d1ad6d2\":[\"indyeastadm@millersmerrymanor.com\"],\"56bbf1d28e42e8740d1ad6e5\":[\"wakarusaadm@millersmerrymanor.com\"],\"56bbf0cb8e42e8740d1ad6c6\":[\"castletoadm@millersmerrymanor.com\"],\"56bbf0d18e42e8740d1ad6c7\":[\"chesterfieldadm@millersmerrymanor.com\"],\"56bbf0f38e42e8740d1ad6cc\":[\"garrettadm@millersmerrymanor.com\"],\"56bbf0e08e42e8740d1ad6c9\":[\"culveradm@millersmerrymanor.com\"],\"56bbf0ee8e42e8740d1ad6cb\":[\"fortwayneadm@millersmerrymanor.com\"],\"56bbf0e68e42e8740d1ad6ca\":[\"dunkirkadm@millersmerrymanor.com\"],\"56bbf1a68e42e8740d1ad6de\":[\"rockportadm@millersmerrymanor.com\"],\"56bbf0da8e42e8740d1ad6c8\":[\"columbiacityadm@millersmerrymanor.com\"],\"56bbf1908e42e8740d1ad6db\":[\"peruadm@millersmerrymanor.com\"],\"56bbf1a28e42e8740d1ad6dd\":[\"portageadm@millersmerrymanor.com\"],\"56bbf1c88e42e8740d1ad6e3\":[\"wabasheastadm@millersmerrymanor.com\"],\"56bbf1d78e42e8740d1ad6e6\":[\"walkertonadm@millersmerrymanor.com\"],\"56bbf1bc8e42e8740d1ad6e1\":[\"syracuseadm@millersmerrymanor.com\"],\"56bbf16b8e42e8740d1ad6d5\":[\"logansportadm@millersmerrymanor.com\"],\"56bbf1b28e42e8740d1ad6e0\":[\"sullivanadm@millersmerrymanor.com\"],\"56bbf1298e42e8740d1ad6d3\":[\"lagrangeadm@millersmerrymanor.com\"],\"56bbf1128e42e8740d1ad6d0\":[\"hopeadm@millersmerrymanor.com\"],\"56bbf1648e42e8740d1ad6d4\":[\"laporteadm@millersmerrymanor.com\"],\"56bbf1cc8e42e8740d1ad6e4\":[\"wabashwestadm@millersmerrymanor.com\"],\"56bbf17d8e42e8740d1ad6d8\":[\"mooresvilleadm@millersmerrymanor.com\"],\"56bbf1048e42e8740d1ad6ce\":[\"hobartadm@millersmerrymanor.com\"],\"56bbf11a8e42e8740d1ad6d1\":[\"huntingtonadm@millersmerrymanor.com\"],\"56bbf1718e42e8740d1ad6d6\":[\"marionadm@millersmerrymanor.com\"],\"56bbf1778e42e8740d1ad6d7\":[\"middletownadm@millersmerrymanor.com\"],\"56bbf1ad8e42e8740d1ad6df\":[\"rushvilleadm@millersmerrymanor.com\"],\"56bbf1de8e42e8740d1ad6e7\":[\"warsawadm@millersmerrymanor.com\"],\"56bbf1998e42e8740d1ad6dc\":[\"plymouthadm@millersmerrymanor.com\"],\"56bbf0c38e42e8740d1ad6c5\":[\"debm@discovercesolutions.com\",\"arboradm@millersmerrymanor.com\",\"ln@test.com\"]}","timestamp":"2016-05-02T22:34:51.740Z"}
{"level":"info","message":"Email Server  Connection Established","timestamp":"2016-05-02T22:34:52.104Z"}
{"level":"info","message":"Found (2811) Employees. ","timestamp":"2016-05-02T22:34:52.758Z"}
{"level":"info","message":"Location (Tipton) for Emails: [matthew.s.schmitz@gmail.com,amandap@discovercesolutions.com,debm@discovercesolutions.com,mschmitz@qci.com,jessicag@discovercesolutions.com]","timestamp":"2016-05-02T22:34:53.368Z"}
{"level":"info","message":"Location (Plymouth) for Emails: [plymouthadm@millersmerrymanor.com,matthew.s.schmitz@gmail.com,amandap@discovercesolutions.com,debm@discovercesolutions.com,mschmitz@qci.com,jessicag@discovercesolutions.com]","timestamp":"2016-05-02T22:34:53.376Z"}
{"level":"info","message":"Location (Marion) for Emails: [marionadm@millersmerrymanor.com,matthew.s.schmitz@gmail.com,amandap@discovercesolutions.com,debm@discovercesolutions.com,mschmitz@qci.com,jessicag@discovercesolutions.com]","timestamp":"2016-05-02T22:34:53.377Z"}
{"level":"info","message":"Location (Chesterfield) for Emails: [chesterfieldadm@millersmerrymanor.com,matthew.s.schmitz@gmail.com,amandap@discovercesolutions.com,debm@discovercesolutions.com,mschmitz@qci.com,jessicag@discovercesolutions.com]","timestamp":"2016-05-02T22:34:53.379Z"}
{"level":"info","message":"Location (Wabash West) for Emails: [wabashwestadm@millersmerrymanor.com,matthew.s.schmitz@gmail.com,amandap@discovercesolutions.com,debm@discovercesolutions.com,mschmitz@qci.com,jessicag@discovercesolutions.com]","timestamp":"2016-05-02T22:34:53.380Z"}
{"level":"info","message":"Location (Logansport) for Emails: [logansportadm@millersmerrymanor.com,matthew.s.schmitz@gmail.com,amandap@discovercesolutions.com,debm@discovercesolutions.com,mschmitz@qci.com,jessicag@discovercesolutions.com]","timestamp":"2016-05-02T22:34:53.382Z"}
{"level":"info","message":"Location (Sullivan) for Emails: [sullivanadm@millersmerrymanor.com,matthew.s.schmitz@gmail.com,amandap@discovercesolutions.com,debm@discovercesolutions.com,mschmitz@qci.com,jessicag@discovercesolutions.com]","timestamp":"2016-05-02T22:34:53.383Z"}
{"level":"info","message":"Location (Oak Pointe) for Emails: [matthew.s.schmitz@gmail.com,amandap@discovercesolutions.com,debm@discovercesolutions.com,mschmitz@qci.com,jessicag@discovercesolutions.com]","timestamp":"2016-05-02T22:34:53.384Z"}
{"level":"info","message":"Location (Wabash East) for Emails: [wabasheastadm@millersmerrymanor.com,matthew.s.schmitz@gmail.com,amandap@discovercesolutions.com,debm@discovercesolutions.com,mschmitz@qci.com,jessicag@discovercesolutions.com]","timestamp":"2016-05-02T22:34:53.386Z"}
{"level":"info","message":"Location (Rushville) for Emails: [rushvilleadm@millersmerrymanor.com,matthew.s.schmitz@gmail.com,amandap@discovercesolutions.com,debm@discovercesolutions.com,mschmitz@qci.com,jessicag@discovercesolutions.com]","timestamp":"2016-05-02T22:34:53.388Z"}
{"level":"info","message":"Location (Mooresville) for Emails: [mooresvilleadm@millersmerrymanor.com,matthew.s.schmitz@gmail.com,amandap@discovercesolutions.com,debm@discovercesolutions.com,mschmitz@qci.com,jessicag@discovercesolutions.com]","timestamp":"2016-05-02T22:34:53.389Z"}
{"level":"info","message":"Location (Hobart) for Emails: [hobartadm@millersmerrymanor.com,matthew.s.schmitz@gmail.com,amandap@discovercesolutions.com,debm@discovercesolutions.com,mschmitz@qci.com,jessicag@discovercesolutions.com]","timestamp":"2016-05-02T22:34:53.391Z"}
{"level":"info","message":"Location (Columbia City) for Emails: [columbiacityadm@millersmerrymanor.com,matthew.s.schmitz@gmail.com,amandap@discovercesolutions.com,debm@discovercesolutions.com,mschmitz@qci.com,jessicag@discovercesolutions.com]","timestamp":"2016-05-02T22:34:53.392Z"}
{"level":"info","message":"Location (Home Office) for Emails: [matthew.s.schmitz@gmail.com,amandap@discovercesolutions.com,debm@discovercesolutions.com,mschmitz@qci.com,jessicag@discovercesolutions.com]","timestamp":"2016-05-02T22:34:53.393Z"}
{"level":"info","message":"Location (Portage) for Emails: [portageadm@millersmerrymanor.com,matthew.s.schmitz@gmail.com,amandap@discovercesolutions.com,debm@discovercesolutions.com,mschmitz@qci.com,jessicag@discovercesolutions.com]","timestamp":"2016-05-02T22:34:53.394Z"}
{"level":"info","message":"Location (Huntington) for Emails: [huntingtonadm@millersmerrymanor.com,matthew.s.schmitz@gmail.com,amandap@discovercesolutions.com,debm@discovercesolutions.com,mschmitz@qci.com,jessicag@discovercesolutions.com]","timestamp":"2016-05-02T22:34:53.395Z"}
{"level":"info","message":"Location (Wakarusa) for Emails: [wakarusaadm@millersmerrymanor.com,matthew.s.schmitz@gmail.com,amandap@discovercesolutions.com,debm@discovercesolutions.com,mschmitz@qci.com,jessicag@discovercesolutions.com]","timestamp":"2016-05-02T22:34:53.396Z"}
{"level":"info","message":"Location (Dunkirk) for Emails: [dunkirkadm@millersmerrymanor.com,matthew.s.schmitz@gmail.com,amandap@discovercesolutions.com,debm@discovercesolutions.com,mschmitz@qci.com,jessicag@discovercesolutions.com]","timestamp":"2016-05-02T22:34:53.397Z"}
{"level":"info","message":"Location (Warsaw) for Emails: [warsawadm@millersmerrymanor.com,matthew.s.schmitz@gmail.com,amandap@discovercesolutions.com,debm@discovercesolutions.com,mschmitz@qci.com,jessicag@discovercesolutions.com]","timestamp":"2016-05-02T22:34:53.398Z"}
{"level":"info","message":"Location (Garrett) for Emails: [garrettadm@millersmerrymanor.com,matthew.s.schmitz@gmail.com,amandap@discovercesolutions.com,debm@discovercesolutions.com,mschmitz@qci.com,jessicag@discovercesolutions.com]","timestamp":"2016-05-02T22:34:53.400Z"}
{"level":"info","message":"Location (Hartford City) for Emails: [matthew.s.schmitz@gmail.com,amandap@discovercesolutions.com,debm@discovercesolutions.com,mschmitz@qci.com,jessicag@discovercesolutions.com]","timestamp":"2016-05-02T22:34:53.402Z"}
{"level":"info","message":"Location (Syracuse) for Emails: [syracuseadm@millersmerrymanor.com,matthew.s.schmitz@gmail.com,amandap@discovercesolutions.com,debm@discovercesolutions.com,mschmitz@qci.com,jessicag@discovercesolutions.com]","timestamp":"2016-05-02T22:34:53.403Z"}
{"level":"info","message":"Location (Middletown) for Emails: [middletownadm@millersmerrymanor.com,matthew.s.schmitz@gmail.com,amandap@discovercesolutions.com,debm@discovercesolutions.com,mschmitz@qci.com,jessicag@discovercesolutions.com]","timestamp":"2016-05-02T22:34:53.404Z"}
{"level":"info","message":"Location (Castleton) for Emails: [castletoadm@millersmerrymanor.com,matthew.s.schmitz@gmail.com,amandap@discovercesolutions.com,debm@discovercesolutions.com,mschmitz@qci.com,jessicag@discovercesolutions.com]","timestamp":"2016-05-02T22:34:53.405Z"}
{"level":"info","message":"Location (Walkerton) for Emails: [walkertonadm@millersmerrymanor.com,matthew.s.schmitz@gmail.com,amandap@discovercesolutions.com,debm@discovercesolutions.com,mschmitz@qci.com,jessicag@discovercesolutions.com]","timestamp":"2016-05-02T22:34:53.407Z"}
{"level":"info","message":"Location (Culver) for Emails: [culveradm@millersmerrymanor.com,matthew.s.schmitz@gmail.com,amandap@discovercesolutions.com,debm@discovercesolutions.com,mschmitz@qci.com,jessicag@discovercesolutions.com]","timestamp":"2016-05-02T22:34:53.409Z"}
{"level":"info","message":"Location (Fort Wayne) for Emails: [fortwayneadm@millersmerrymanor.com,matthew.s.schmitz@gmail.com,amandap@discovercesolutions.com,debm@discovercesolutions.com,mschmitz@qci.com,jessicag@discovercesolutions.com]","timestamp":"2016-05-02T22:34:53.410Z"}
{"level":"info","message":"Location (Hope) for Emails: [hopeadm@millersmerrymanor.com,matthew.s.schmitz@gmail.com,amandap@discovercesolutions.com,debm@discovercesolutions.com,mschmitz@qci.com,jessicag@discovercesolutions.com]","timestamp":"2016-05-02T22:34:53.411Z"}
{"level":"info","message":"Location (Arbor) for Emails: [debm@discovercesolutions.com,arboradm@millersmerrymanor.com,ln@test.com,matthew.s.schmitz@gmail.com,amandap@discovercesolutions.com,mschmitz@qci.com,jessicag@discovercesolutions.com]","timestamp":"2016-05-02T22:34:53.412Z"}
{"level":"info","message":"Location (Rockport) for Emails: [rockportadm@millersmerrymanor.com,matthew.s.schmitz@gmail.com,amandap@discovercesolutions.com,debm@discovercesolutions.com,mschmitz@qci.com,jessicag@discovercesolutions.com]","timestamp":"2016-05-02T22:34:53.413Z"}
{"level":"info","message":"Location (New Carlisle) for Emails: [matthew.s.schmitz@gmail.com,amandap@discovercesolutions.com,debm@discovercesolutions.com,mschmitz@qci.com,jessicag@discovercesolutions.com]","timestamp":"2016-05-02T22:34:53.413Z"}
{"level":"info","message":"Location (LaPorte) for Emails: [laporteadm@millersmerrymanor.com,matthew.s.schmitz@gmail.com,amandap@discovercesolutions.com,debm@discovercesolutions.com,mschmitz@qci.com,jessicag@discovercesolutions.com]","timestamp":"2016-05-02T22:34:53.415Z"}
{"level":"info","message":"Location (LaGrange) for Emails: [lagrangeadm@millersmerrymanor.com,matthew.s.schmitz@gmail.com,amandap@discovercesolutions.com,debm@discovercesolutions.com,mschmitz@qci.com,jessicag@discovercesolutions.com]","timestamp":"2016-05-02T22:34:53.416Z"}
{"level":"info","message":"Location (Peru) for Emails: [peruadm@millersmerrymanor.com,matthew.s.schmitz@gmail.com,amandap@discovercesolutions.com,debm@discovercesolutions.com,mschmitz@qci.com,jessicag@discovercesolutions.com]","timestamp":"2016-05-02T22:34:53.417Z"}
{"level":"info","message":"Location (Indy East) for Emails: [indyeastadm@millersmerrymanor.com,matthew.s.schmitz@gmail.com,amandap@discovercesolutions.com,debm@discovercesolutions.com,mschmitz@qci.com,jessicag@discovercesolutions.com]","timestamp":"2016-05-02T22:34:53.418Z"}
{"level":"info","message":"Closing Mongoose Connection.","timestamp":"2016-05-02T22:34:53.419Z"}
{"level":"error","message":"Monthly Reviews Message Not Sent: {\"code\":\"EENVELOPE\",\"response\":\"554 5.1.0 The sender's address was not allowed.\",\"responseCode\":554}","timestamp":"2016-05-02T22:34:54.258Z"}
{"level":"error","message":"Monthly Reviews Message Not Sent: {\"code\":\"EENVELOPE\",\"response\":\"554 5.1.0 The sender's address was not allowed.\",\"responseCode\":554}","timestamp":"2016-05-02T22:34:54.269Z"}
{"level":"error","message":"Monthly Reviews Message Not Sent: {\"code\":\"EENVELOPE\",\"response\":\"554 5.1.0 The sender's address was not allowed.\",\"responseCode\":554}","timestamp":"2016-05-02T22:34:54.270Z"}
{"level":"error","message":"Monthly Reviews Message Not Sent: {\"code\":\"EENVELOPE\",\"response\":\"554 5.1.0 The sender's address was not allowed.\",\"responseCode\":554}","timestamp":"2016-05-02T22:34:54.270Z"}
{"level":"error","message":"Monthly Reviews Message Not Sent: {\"code\":\"EENVELOPE\",\"response\":\"554 5.1.0 The sender's address was not allowed.\",\"responseCode\":554}","timestamp":"2016-05-02T22:34:54.280Z"}
{"level":"error","message":"Monthly Reviews Message Not Sent: {\"code\":\"EENVELOPE\",\"response\":\"554 5.1.0 The sender's address was not allowed.\",\"responseCode\":554}","timestamp":"2016-05-02T22:34:54.281Z"}
{"level":"error","message":"Monthly Reviews Message Not Sent: {\"code\":\"EENVELOPE\",\"response\":\"554 5.1.0 The sender's address was not allowed.\",\"responseCode\":554}","timestamp":"2016-05-02T22:34:54.281Z"}
{"level":"error","message":"Monthly Reviews Message Not Sent: {\"code\":\"EENVELOPE\",\"response\":\"554 5.1.0 The sender's address was not allowed.\",\"responseCode\":554}","timestamp":"2016-05-02T22:34:54.282Z"}
{"level":"error","message":"Monthly Reviews Message Not Sent: {\"code\":\"EENVELOPE\",\"response\":\"554 5.1.0 The sender's address was not allowed.\",\"responseCode\":554}","timestamp":"2016-05-02T22:34:54.321Z"}
{"level":"error","message":"Monthly Reviews Message Not Sent: {\"code\":\"EENVELOPE\",\"response\":\"554 5.1.0 The sender's address was not allowed.\",\"responseCode\":554}","timestamp":"2016-05-02T22:34:54.322Z"}
{"level":"error","message":"Monthly Reviews Message Not Sent: {\"code\":\"EENVELOPE\",\"response\":\"554 5.1.0 The sender's address was not allowed.\",\"responseCode\":554}","timestamp":"2016-05-02T22:34:54.323Z"}
{"level":"error","message":"Monthly Reviews Message Not Sent: {\"code\":\"EENVELOPE\",\"response\":\"554 5.1.0 The sender's address was not allowed.\",\"responseCode\":554}","timestamp":"2016-05-02T22:34:54.323Z"}
{"level":"error","message":"Monthly Reviews Message Not Sent: {\"code\":\"EENVELOPE\",\"response\":\"554 5.1.0 The sender's address was not allowed.\",\"responseCode\":554}","timestamp":"2016-05-02T22:34:54.324Z"}
{"level":"error","message":"Monthly Reviews Message Not Sent: {\"code\":\"EENVELOPE\",\"response\":\"554 5.1.0 The sender's address was not allowed.\",\"responseCode\":554}","timestamp":"2016-05-02T22:34:54.324Z"}
{"level":"error","message":"Monthly Reviews Message Not Sent: {\"code\":\"EENVELOPE\",\"response\":\"554 5.1.0 The sender's address was not allowed.\",\"responseCode\":554}","timestamp":"2016-05-02T22:34:54.325Z"}
{"level":"error","message":"Monthly Reviews Message Not Sent: {\"code\":\"EENVELOPE\",\"response\":\"554 5.1.0 The sender's address was not allowed.\",\"responseCode\":554}","timestamp":"2016-05-02T22:34:54.326Z"}
{"level":"error","message":"Monthly Reviews Message Not Sent: {\"code\":\"EENVELOPE\",\"response\":\"554 5.1.0 The sender's address was not allowed.\",\"responseCode\":554}","timestamp":"2016-05-02T22:34:54.338Z"}
{"level":"error","message":"Monthly Reviews Message Not Sent: {\"code\":\"EENVELOPE\",\"response\":\"554 5.1.0 The sender's address was not allowed.\",\"responseCode\":554}","timestamp":"2016-05-02T22:34:54.344Z"}
{"level":"error","message":"Monthly Reviews Message Not Sent: {\"code\":\"EENVELOPE\",\"response\":\"554 5.1.0 The sender's address was not allowed.\",\"responseCode\":554}","timestamp":"2016-05-02T22:34:54.345Z"}
{"level":"error","message":"Monthly Reviews Message Not Sent: {\"code\":\"EENVELOPE\",\"response\":\"554 5.1.0 The sender's address was not allowed.\",\"responseCode\":554}","timestamp":"2016-05-02T22:34:54.345Z"}
{"level":"error","message":"Monthly Reviews Message Not Sent: {\"code\":\"EENVELOPE\",\"response\":\"554 5.1.0 The sender's address was not allowed.\",\"responseCode\":554}","timestamp":"2016-05-02T22:34:54.807Z"}
{"level":"error","message":"Monthly Reviews Message Not Sent: {\"code\":\"EENVELOPE\",\"response\":\"554 5.1.0 The sender's address was not allowed.\",\"responseCode\":554}","timestamp":"2016-05-02T22:34:54.808Z"}
{"level":"error","message":"Monthly Reviews Message Not Sent: {\"code\":\"EENVELOPE\",\"response\":\"554 5.1.0 The sender's address was not allowed.\",\"responseCode\":554}","timestamp":"2016-05-02T22:34:55.396Z"}
{"level":"error","message":"Monthly Reviews Message Not Sent: {\"code\":\"EENVELOPE\",\"response\":\"554 5.1.0 The sender's address was not allowed.\",\"responseCode\":554}","timestamp":"2016-05-02T22:34:55.396Z"}
{"level":"error","message":"Monthly Reviews Message Not Sent: {\"code\":\"EENVELOPE\",\"response\":\"554 5.1.0 The sender's address was not allowed.\",\"responseCode\":554}","timestamp":"2016-05-02T22:34:55.407Z"}
{"level":"error","message":"Monthly Reviews Message Not Sent: {\"code\":\"EENVELOPE\",\"response\":\"554 5.1.0 The sender's address was not allowed.\",\"responseCode\":554}","timestamp":"2016-05-02T22:34:55.407Z"}
{"level":"error","message":"Monthly Reviews Message Not Sent: {\"code\":\"EENVELOPE\",\"response\":\"554 5.1.0 The sender's address was not allowed.\",\"responseCode\":554}","timestamp":"2016-05-02T22:34:55.408Z"}
{"level":"error","message":"Monthly Reviews Message Not Sent: {\"code\":\"EENVELOPE\",\"response\":\"554 5.1.0 The sender's address was not allowed.\",\"responseCode\":554}","timestamp":"2016-05-02T22:34:55.408Z"}
{"level":"error","message":"Monthly Reviews Message Not Sent: {\"code\":\"EENVELOPE\",\"response\":\"554 5.1.0 The sender's address was not allowed.\",\"responseCode\":554}","timestamp":"2016-05-02T22:34:55.408Z"}
{"level":"error","message":"Monthly Reviews Message Not Sent: {\"code\":\"EENVELOPE\",\"response\":\"554 5.1.0 The sender's address was not allowed.\",\"responseCode\":554}","timestamp":"2016-05-02T22:34:55.409Z"}
{"level":"error","message":"Monthly Reviews Message Not Sent: {\"code\":\"EENVELOPE\",\"response\":\"554 5.1.0 The sender's address was not allowed.\",\"responseCode\":554}","timestamp":"2016-05-02T22:34:55.410Z"}
{"level":"error","message":"Monthly Reviews Message Not Sent: {\"code\":\"EENVELOPE\",\"response\":\"554 5.1.0 The sender's address was not allowed.\",\"responseCode\":554}","timestamp":"2016-05-02T22:34:55.418Z"}
{"level":"error","message":"Monthly Reviews Message Not Sent: {\"code\":\"EENVELOPE\",\"response\":\"554 5.1.0 The sender's address was not allowed.\",\"responseCode\":554}","timestamp":"2016-05-02T22:34:56.346Z"}
{"level":"error","message":"Monthly Reviews Message Not Sent: {\"code\":\"EENVELOPE\",\"response\":\"554 5.1.0 The sender's address was not allowed.\",\"responseCode\":554}","timestamp":"2016-05-02T22:34:56.347Z"}
{"level":"error","message":"Monthly Reviews Message Not Sent: {\"code\":\"EENVELOPE\",\"response\":\"554 5.1.0 The sender's address was not allowed.\",\"responseCode\":554}","timestamp":"2016-05-02T22:34:56.347Z"}
{"level":"info","message":"Monthly Notificaitons.js - Started @(Mon May 02 2016 18:56:13 GMT-0400 (EDT))","timestamp":"2016-05-02T22:56:13.170Z"}
{"level":"info","message":"MongoDB One Time Connection Established!","timestamp":"2016-05-02T22:56:13.797Z"}
{"level":"info","message":"getLocationAdminEmails ","timestamp":"2016-05-02T22:56:13.799Z"}
{"level":"info","message":"Found Settings Data.","timestamp":"2016-05-02T22:56:13.841Z"}
{"level":"info","message":"getLocationAdminEmails ","timestamp":"2016-05-02T22:56:13.842Z"}
{"level":"info","message":"corporateAdminEmails [matthew.s.schmitz@gmail.com,amandap@discovercesolutions.com,debm@discovercesolutions.com,mschmitz@qci.com,jessicag@discovercesolutions.com]","timestamp":"2016-05-02T22:56:13.884Z"}
{"level":"info","message":"getLocationAdminEmails  {\"56bbf1218e42e8740d1ad6d2\":[\"indyeastadm@millersmerrymanor.com\"],\"56bbf1d28e42e8740d1ad6e5\":[\"wakarusaadm@millersmerrymanor.com\"],\"56bbf0cb8e42e8740d1ad6c6\":[\"castletoadm@millersmerrymanor.com\"],\"56bbf0d18e42e8740d1ad6c7\":[\"chesterfieldadm@millersmerrymanor.com\"],\"56bbf0f38e42e8740d1ad6cc\":[\"garrettadm@millersmerrymanor.com\"],\"56bbf0e08e42e8740d1ad6c9\":[\"culveradm@millersmerrymanor.com\"],\"56bbf0ee8e42e8740d1ad6cb\":[\"fortwayneadm@millersmerrymanor.com\"],\"56bbf0e68e42e8740d1ad6ca\":[\"dunkirkadm@millersmerrymanor.com\"],\"56bbf1a68e42e8740d1ad6de\":[\"rockportadm@millersmerrymanor.com\"],\"56bbf0da8e42e8740d1ad6c8\":[\"columbiacityadm@millersmerrymanor.com\"],\"56bbf1908e42e8740d1ad6db\":[\"peruadm@millersmerrymanor.com\"],\"56bbf1a28e42e8740d1ad6dd\":[\"portageadm@millersmerrymanor.com\"],\"56bbf1c88e42e8740d1ad6e3\":[\"wabasheastadm@millersmerrymanor.com\"],\"56bbf1d78e42e8740d1ad6e6\":[\"walkertonadm@millersmerrymanor.com\"],\"56bbf1bc8e42e8740d1ad6e1\":[\"syracuseadm@millersmerrymanor.com\"],\"56bbf16b8e42e8740d1ad6d5\":[\"logansportadm@millersmerrymanor.com\"],\"56bbf1b28e42e8740d1ad6e0\":[\"sullivanadm@millersmerrymanor.com\"],\"56bbf1298e42e8740d1ad6d3\":[\"lagrangeadm@millersmerrymanor.com\"],\"56bbf1128e42e8740d1ad6d0\":[\"hopeadm@millersmerrymanor.com\"],\"56bbf1648e42e8740d1ad6d4\":[\"laporteadm@millersmerrymanor.com\"],\"56bbf1cc8e42e8740d1ad6e4\":[\"wabashwestadm@millersmerrymanor.com\"],\"56bbf17d8e42e8740d1ad6d8\":[\"mooresvilleadm@millersmerrymanor.com\"],\"56bbf1048e42e8740d1ad6ce\":[\"hobartadm@millersmerrymanor.com\"],\"56bbf11a8e42e8740d1ad6d1\":[\"huntingtonadm@millersmerrymanor.com\"],\"56bbf1718e42e8740d1ad6d6\":[\"marionadm@millersmerrymanor.com\"],\"56bbf1778e42e8740d1ad6d7\":[\"middletownadm@millersmerrymanor.com\"],\"56bbf1ad8e42e8740d1ad6df\":[\"rushvilleadm@millersmerrymanor.com\"],\"56bbf1de8e42e8740d1ad6e7\":[\"warsawadm@millersmerrymanor.com\"],\"56bbf1998e42e8740d1ad6dc\":[\"plymouthadm@millersmerrymanor.com\"],\"56bbf0c38e42e8740d1ad6c5\":[\"debm@discovercesolutions.com\",\"arboradm@millersmerrymanor.com\",\"ln@test.com\"]}","timestamp":"2016-05-02T22:56:13.884Z"}
{"level":"info","message":"Email Server  Connection Established","timestamp":"2016-05-02T22:56:13.895Z"}
{"level":"info","message":"Found (2811) Employees. ","timestamp":"2016-05-02T22:56:14.801Z"}
{"level":"info","message":"Location (Tipton) for Emails: [matthew.s.schmitz@gmail.com,amandap@discovercesolutions.com,debm@discovercesolutions.com,mschmitz@qci.com,jessicag@discovercesolutions.com]","timestamp":"2016-05-02T22:56:15.346Z"}
{"level":"info","message":"Location (Plymouth) for Emails: [plymouthadm@millersmerrymanor.com,matthew.s.schmitz@gmail.com,amandap@discovercesolutions.com,debm@discovercesolutions.com,mschmitz@qci.com,jessicag@discovercesolutions.com]","timestamp":"2016-05-02T22:56:15.354Z"}
{"level":"info","message":"Location (Marion) for Emails: [marionadm@millersmerrymanor.com,matthew.s.schmitz@gmail.com,amandap@discovercesolutions.com,debm@discovercesolutions.com,mschmitz@qci.com,jessicag@discovercesolutions.com]","timestamp":"2016-05-02T22:56:15.356Z"}
{"level":"info","message":"Location (Chesterfield) for Emails: [chesterfieldadm@millersmerrymanor.com,matthew.s.schmitz@gmail.com,amandap@discovercesolutions.com,debm@discovercesolutions.com,mschmitz@qci.com,jessicag@discovercesolutions.com]","timestamp":"2016-05-02T22:56:15.357Z"}
{"level":"info","message":"Location (Wabash West) for Emails: [wabashwestadm@millersmerrymanor.com,matthew.s.schmitz@gmail.com,amandap@discovercesolutions.com,debm@discovercesolutions.com,mschmitz@qci.com,jessicag@discovercesolutions.com]","timestamp":"2016-05-02T22:56:15.359Z"}
{"level":"info","message":"Location (Logansport) for Emails: [logansportadm@millersmerrymanor.com,matthew.s.schmitz@gmail.com,amandap@discovercesolutions.com,debm@discovercesolutions.com,mschmitz@qci.com,jessicag@discovercesolutions.com]","timestamp":"2016-05-02T22:56:15.360Z"}
{"level":"info","message":"Location (Sullivan) for Emails: [sullivanadm@millersmerrymanor.com,matthew.s.schmitz@gmail.com,amandap@discovercesolutions.com,debm@discovercesolutions.com,mschmitz@qci.com,jessicag@discovercesolutions.com]","timestamp":"2016-05-02T22:56:15.362Z"}
{"level":"info","message":"Location (Oak Pointe) for Emails: [matthew.s.schmitz@gmail.com,amandap@discovercesolutions.com,debm@discovercesolutions.com,mschmitz@qci.com,jessicag@discovercesolutions.com]","timestamp":"2016-05-02T22:56:15.363Z"}
{"level":"info","message":"Location (Wabash East) for Emails: [wabasheastadm@millersmerrymanor.com,matthew.s.schmitz@gmail.com,amandap@discovercesolutions.com,debm@discovercesolutions.com,mschmitz@qci.com,jessicag@discovercesolutions.com]","timestamp":"2016-05-02T22:56:15.365Z"}
{"level":"info","message":"Location (Rushville) for Emails: [rushvilleadm@millersmerrymanor.com,matthew.s.schmitz@gmail.com,amandap@discovercesolutions.com,debm@discovercesolutions.com,mschmitz@qci.com,jessicag@discovercesolutions.com]","timestamp":"2016-05-02T22:56:15.367Z"}
{"level":"info","message":"Location (Mooresville) for Emails: [mooresvilleadm@millersmerrymanor.com,matthew.s.schmitz@gmail.com,amandap@discovercesolutions.com,debm@discovercesolutions.com,mschmitz@qci.com,jessicag@discovercesolutions.com]","timestamp":"2016-05-02T22:56:15.368Z"}
{"level":"info","message":"Location (Hobart) for Emails: [hobartadm@millersmerrymanor.com,matthew.s.schmitz@gmail.com,amandap@discovercesolutions.com,debm@discovercesolutions.com,mschmitz@qci.com,jessicag@discovercesolutions.com]","timestamp":"2016-05-02T22:56:15.369Z"}
{"level":"info","message":"Location (Columbia City) for Emails: [columbiacityadm@millersmerrymanor.com,matthew.s.schmitz@gmail.com,amandap@discovercesolutions.com,debm@discovercesolutions.com,mschmitz@qci.com,jessicag@discovercesolutions.com]","timestamp":"2016-05-02T22:56:15.371Z"}
{"level":"info","message":"Location (Home Office) for Emails: [matthew.s.schmitz@gmail.com,amandap@discovercesolutions.com,debm@discovercesolutions.com,mschmitz@qci.com,jessicag@discovercesolutions.com]","timestamp":"2016-05-02T22:56:15.371Z"}
{"level":"info","message":"Location (Portage) for Emails: [portageadm@millersmerrymanor.com,matthew.s.schmitz@gmail.com,amandap@discovercesolutions.com,debm@discovercesolutions.com,mschmitz@qci.com,jessicag@discovercesolutions.com]","timestamp":"2016-05-02T22:56:15.372Z"}
{"level":"info","message":"Location (Huntington) for Emails: [huntingtonadm@millersmerrymanor.com,matthew.s.schmitz@gmail.com,amandap@discovercesolutions.com,debm@discovercesolutions.com,mschmitz@qci.com,jessicag@discovercesolutions.com]","timestamp":"2016-05-02T22:56:15.373Z"}
{"level":"info","message":"Location (Wakarusa) for Emails: [wakarusaadm@millersmerrymanor.com,matthew.s.schmitz@gmail.com,amandap@discovercesolutions.com,debm@discovercesolutions.com,mschmitz@qci.com,jessicag@discovercesolutions.com]","timestamp":"2016-05-02T22:56:15.375Z"}
{"level":"info","message":"Location (Dunkirk) for Emails: [dunkirkadm@millersmerrymanor.com,matthew.s.schmitz@gmail.com,amandap@discovercesolutions.com,debm@discovercesolutions.com,mschmitz@qci.com,jessicag@discovercesolutions.com]","timestamp":"2016-05-02T22:56:15.376Z"}
{"level":"info","message":"Location (Warsaw) for Emails: [warsawadm@millersmerrymanor.com,matthew.s.schmitz@gmail.com,amandap@discovercesolutions.com,debm@discovercesolutions.com,mschmitz@qci.com,jessicag@discovercesolutions.com]","timestamp":"2016-05-02T22:56:15.377Z"}
{"level":"info","message":"Location (Garrett) for Emails: [garrettadm@millersmerrymanor.com,matthew.s.schmitz@gmail.com,amandap@discovercesolutions.com,debm@discovercesolutions.com,mschmitz@qci.com,jessicag@discovercesolutions.com]","timestamp":"2016-05-02T22:56:15.378Z"}
{"level":"info","message":"Location (Hartford City) for Emails: [matthew.s.schmitz@gmail.com,amandap@discovercesolutions.com,debm@discovercesolutions.com,mschmitz@qci.com,jessicag@discovercesolutions.com]","timestamp":"2016-05-02T22:56:15.380Z"}
{"level":"info","message":"Location (Syracuse) for Emails: [syracuseadm@millersmerrymanor.com,matthew.s.schmitz@gmail.com,amandap@discovercesolutions.com,debm@discovercesolutions.com,mschmitz@qci.com,jessicag@discovercesolutions.com]","timestamp":"2016-05-02T22:56:15.382Z"}
{"level":"info","message":"Location (Middletown) for Emails: [middletownadm@millersmerrymanor.com,matthew.s.schmitz@gmail.com,amandap@discovercesolutions.com,debm@discovercesolutions.com,mschmitz@qci.com,jessicag@discovercesolutions.com]","timestamp":"2016-05-02T22:56:15.383Z"}
{"level":"info","message":"Location (Castleton) for Emails: [castletoadm@millersmerrymanor.com,matthew.s.schmitz@gmail.com,amandap@discovercesolutions.com,debm@discovercesolutions.com,mschmitz@qci.com,jessicag@discovercesolutions.com]","timestamp":"2016-05-02T22:56:15.384Z"}
{"level":"info","message":"Location (Walkerton) for Emails: [walkertonadm@millersmerrymanor.com,matthew.s.schmitz@gmail.com,amandap@discovercesolutions.com,debm@discovercesolutions.com,mschmitz@qci.com,jessicag@discovercesolutions.com]","timestamp":"2016-05-02T22:56:15.385Z"}
{"level":"info","message":"Location (Culver) for Emails: [culveradm@millersmerrymanor.com,matthew.s.schmitz@gmail.com,amandap@discovercesolutions.com,debm@discovercesolutions.com,mschmitz@qci.com,jessicag@discovercesolutions.com]","timestamp":"2016-05-02T22:56:15.387Z"}
{"level":"info","message":"Location (Fort Wayne) for Emails: [fortwayneadm@millersmerrymanor.com,matthew.s.schmitz@gmail.com,amandap@discovercesolutions.com,debm@discovercesolutions.com,mschmitz@qci.com,jessicag@discovercesolutions.com]","timestamp":"2016-05-02T22:56:15.388Z"}
{"level":"info","message":"Location (Hope) for Emails: [hopeadm@millersmerrymanor.com,matthew.s.schmitz@gmail.com,amandap@discovercesolutions.com,debm@discovercesolutions.com,mschmitz@qci.com,jessicag@discovercesolutions.com]","timestamp":"2016-05-02T22:56:15.389Z"}
{"level":"info","message":"Location (Arbor) for Emails: [debm@discovercesolutions.com,arboradm@millersmerrymanor.com,ln@test.com,matthew.s.schmitz@gmail.com,amandap@discovercesolutions.com,mschmitz@qci.com,jessicag@discovercesolutions.com]","timestamp":"2016-05-02T22:56:15.390Z"}
{"level":"info","message":"Location (Rockport) for Emails: [rockportadm@millersmerrymanor.com,matthew.s.schmitz@gmail.com,amandap@discovercesolutions.com,debm@discovercesolutions.com,mschmitz@qci.com,jessicag@discovercesolutions.com]","timestamp":"2016-05-02T22:56:15.391Z"}
{"level":"info","message":"Location (New Carlisle) for Emails: [matthew.s.schmitz@gmail.com,amandap@discovercesolutions.com,debm@discovercesolutions.com,mschmitz@qci.com,jessicag@discovercesolutions.com]","timestamp":"2016-05-02T22:56:15.392Z"}
{"level":"info","message":"Location (LaPorte) for Emails: [laporteadm@millersmerrymanor.com,matthew.s.schmitz@gmail.com,amandap@discovercesolutions.com,debm@discovercesolutions.com,mschmitz@qci.com,jessicag@discovercesolutions.com]","timestamp":"2016-05-02T22:56:15.393Z"}
{"level":"info","message":"Location (LaGrange) for Emails: [lagrangeadm@millersmerrymanor.com,matthew.s.schmitz@gmail.com,amandap@discovercesolutions.com,debm@discovercesolutions.com,mschmitz@qci.com,jessicag@discovercesolutions.com]","timestamp":"2016-05-02T22:56:15.394Z"}
{"level":"info","message":"Location (Peru) for Emails: [peruadm@millersmerrymanor.com,matthew.s.schmitz@gmail.com,amandap@discovercesolutions.com,debm@discovercesolutions.com,mschmitz@qci.com,jessicag@discovercesolutions.com]","timestamp":"2016-05-02T22:56:15.395Z"}
{"level":"info","message":"Location (Indy East) for Emails: [indyeastadm@millersmerrymanor.com,matthew.s.schmitz@gmail.com,amandap@discovercesolutions.com,debm@discovercesolutions.com,mschmitz@qci.com,jessicag@discovercesolutions.com]","timestamp":"2016-05-02T22:56:15.396Z"}
{"level":"info","message":"Closing Mongoose Connection.","timestamp":"2016-05-02T22:56:15.397Z"}
{"level":"error","message":"Monthly Reviews Message Not Sent: {\"code\":\"EENVELOPE\",\"response\":\"421 4.7.0 Temporary System Problem.  Try again later (WS). c52sm169969qge.14 - gsmtp\",\"responseCode\":421}","timestamp":"2016-05-02T22:56:16.145Z"}
{"level":"error","message":"Monthly Reviews Message Not Sent: {\"code\":\"EENVELOPE\",\"response\":\"421 4.7.0 Temporary System Problem.  Try again later (WS). a207sm158221qkb.28 - gsmtp\",\"responseCode\":421}","timestamp":"2016-05-02T22:56:16.155Z"}
{"level":"error","message":"Monthly Reviews Message Not Sent: {\"code\":\"EENVELOPE\",\"response\":\"421 4.7.0 Temporary System Problem.  Try again later (WS). t193sm163961qke.21 - gsmtp\",\"responseCode\":421}","timestamp":"2016-05-02T22:56:16.174Z"}
{"level":"error","message":"Monthly Reviews Message Not Sent: {\"code\":\"EENVELOPE\",\"response\":\"421 4.7.0 Temporary System Problem.  Try again later (WS). v66sm170318qka.14 - gsmtp\",\"responseCode\":421}","timestamp":"2016-05-02T22:56:16.178Z"}
{"level":"error","message":"Monthly Reviews Message Not Sent: {\"code\":\"EENVELOPE\",\"response\":\"421 4.7.0 Temporary System Problem.  Try again later (WS). i67sm150240qhi.45 - gsmtp\",\"responseCode\":421}","timestamp":"2016-05-02T22:56:16.189Z"}
{"level":"error","message":"Monthly Reviews Message Not Sent: {\"code\":\"EENVELOPE\",\"response\":\"421 4.7.0 Temporary System Problem.  Try again later (WS). v65sm175227qhc.6 - gsmtp\",\"responseCode\":421}","timestamp":"2016-05-02T22:56:16.193Z"}
{"level":"error","message":"Monthly Reviews Message Not Sent: {\"code\":\"EENVELOPE\",\"response\":\"421 4.7.0 Temporary System Problem.  Try again later (WS). s67sm149136qgs.48 - gsmtp\",\"responseCode\":421}","timestamp":"2016-05-02T22:56:16.210Z"}
{"level":"error","message":"Monthly Reviews Message Not Sent: {\"code\":\"EENVELOPE\",\"response\":\"421 4.7.0 Temporary System Problem.  Try again later (WS). p38sm175332qgd.6 - gsmtp\",\"responseCode\":421}","timestamp":"2016-05-02T22:56:16.211Z"}
{"level":"error","message":"Monthly Reviews Message Not Sent: {\"code\":\"EENVELOPE\",\"response\":\"421 4.7.0 Temporary System Problem.  Try again later (WS). 5sm179455qkf.4 - gsmtp\",\"responseCode\":421}","timestamp":"2016-05-02T22:56:16.219Z"}
{"level":"error","message":"Monthly Reviews Message Not Sent: {\"code\":\"EENVELOPE\",\"response\":\"421 4.7.0 Temporary System Problem.  Try again later (WS). z62sm159576qka.26 - gsmtp\",\"responseCode\":421}","timestamp":"2016-05-02T22:56:16.224Z"}
{"level":"error","message":"Monthly Reviews Message Not Sent: {\"code\":\"EENVELOPE\",\"response\":\"421 4.7.0 Temporary System Problem.  Try again later (WS). e84sm163378qhd.26 - gsmtp\",\"responseCode\":421}","timestamp":"2016-05-02T22:56:16.232Z"}
{"level":"error","message":"Monthly Reviews Message Not Sent: {\"code\":\"EENVELOPE\",\"response\":\"421 4.7.0 Temporary System Problem.  Try again later (WS). f83sm160155qkb.25 - gsmtp\",\"responseCode\":421}","timestamp":"2016-05-02T22:56:16.237Z"}
{"level":"error","message":"Monthly Reviews Message Not Sent: {\"code\":\"EENVELOPE\",\"response\":\"421 4.7.0 Temporary System Problem.  Try again later (WS). e63sm167698qga.17 - gsmtp\",\"responseCode\":421}","timestamp":"2016-05-02T22:56:16.401Z"}
{"level":"info","message":"Monthly Reviews Message Sent: {\"accepted\":[\"matthew.s.schmitz@gmail.com\",\"amandap@discovercesolutions.com\",\"debm@discovercesolutions.com\",\"mschmitz@qci.com\",\"jessicag@discovercesolutions.com\"],\"rejected\":[],\"response\":\"250 2.0.0 OK 1462229776 e127sm153202qkb.34 - gsmtp\",\"envelope\":{\"from\":\"contact.executiontrail@gmail.com\",\"to\":[\"matthew.s.schmitz@gmail.com\",\"amandap@discovercesolutions.com\",\"debm@discovercesolutions.com\",\"mschmitz@qci.com\",\"jessicag@discovercesolutions.com\"]},\"messageId\":\"1462229775372-89a8bd0c-2af88912-6c6fc306@gmail.com\"}","timestamp":"2016-05-02T22:56:16.639Z"}
{"level":"info","message":"Monthly Reviews Message Sent: {\"accepted\":[\"matthew.s.schmitz@gmail.com\",\"amandap@discovercesolutions.com\",\"debm@discovercesolutions.com\",\"mschmitz@qci.com\",\"jessicag@discovercesolutions.com\"],\"rejected\":[],\"response\":\"250 2.0.0 OK 1462229776 p128sm153223qha.41 - gsmtp\",\"envelope\":{\"from\":\"contact.executiontrail@gmail.com\",\"to\":[\"matthew.s.schmitz@gmail.com\",\"amandap@discovercesolutions.com\",\"debm@discovercesolutions.com\",\"mschmitz@qci.com\",\"jessicag@discovercesolutions.com\"]},\"messageId\":\"1462229775349-03f3d5aa-28a882b5-6946e4c4@gmail.com\"}","timestamp":"2016-05-02T22:56:16.907Z"}
{"level":"error","message":"Monthly Reviews Message Not Sent: {\"code\":\"EENVELOPE\",\"response\":\"421 4.7.0 Temporary System Problem.  Try again later (WS). z64sm158035qkb.29 - gsmtp\",\"responseCode\":421}","timestamp":"2016-05-02T22:56:17.154Z"}
{"level":"error","message":"Monthly Reviews Message Not Sent: {\"code\":\"EENVELOPE\",\"response\":\"421 4.7.0 Temporary System Problem.  Try again later (WS). l66sm151732qhc.42 - gsmtp\",\"responseCode\":421}","timestamp":"2016-05-02T22:56:17.155Z"}
{"level":"error","message":"Monthly Reviews Message Not Sent: {\"code\":\"EENVELOPE\",\"response\":\"421 4.7.0 Temporary System Problem.  Try again later (WS). a31sm158594qga.34 - gsmtp\",\"responseCode\":421}","timestamp":"2016-05-02T22:56:17.160Z"}
{"level":"error","message":"Monthly Reviews Message Not Sent: {\"code\":\"EENVELOPE\",\"response\":\"421 4.7.0 Temporary System Problem.  Try again later (WS). e84sm163404qhd.26 - gsmtp\",\"responseCode\":421}","timestamp":"2016-05-02T22:56:17.180Z"}
{"level":"error","message":"Monthly Reviews Message Not Sent: {\"code\":\"EENVELOPE\",\"response\":\"421 4.7.0 Temporary System Problem.  Try again later (WS). 64sm153925qhf.40 - gsmtp\",\"responseCode\":421}","timestamp":"2016-05-02T22:56:17.190Z"}
{"level":"error","message":"Monthly Reviews Message Not Sent: {\"code\":\"EENVELOPE\",\"response\":\"421 4.7.0 Temporary System Problem.  Try again later (WS). x189sm151065qhb.43 - gsmtp\",\"responseCode\":421}","timestamp":"2016-05-02T22:56:17.199Z"}
{"level":"error","message":"Monthly Reviews Message Not Sent: {\"code\":\"EENVELOPE\",\"response\":\"421 4.7.0 Temporary System Problem.  Try again later (WS). 144sm171668qhz.14 - gsmtp\",\"responseCode\":421}","timestamp":"2016-05-02T22:56:17.206Z"}
{"level":"error","message":"Monthly Reviews Message Not Sent: {\"code\":\"EENVELOPE\",\"response\":\"421 4.7.0 Temporary System Problem.  Try again later (WS). g184sm173127qkb.7 - gsmtp\",\"responseCode\":421}","timestamp":"2016-05-02T22:56:17.248Z"}
{"level":"info","message":"Monthly Reviews Message Sent: {\"accepted\":[\"warsawadm@millersmerrymanor.com\",\"matthew.s.schmitz@gmail.com\",\"amandap@discovercesolutions.com\",\"debm@discovercesolutions.com\",\"mschmitz@qci.com\",\"jessicag@discovercesolutions.com\"],\"rejected\":[],\"response\":\"250 2.0.0 OK 1462229777 e84sm163377qhd.26 - gsmtp\",\"envelope\":{\"from\":\"contact.executiontrail@gmail.com\",\"to\":[\"warsawadm@millersmerrymanor.com\",\"matthew.s.schmitz@gmail.com\",\"amandap@discovercesolutions.com\",\"debm@discovercesolutions.com\",\"mschmitz@qci.com\",\"jessicag@discovercesolutions.com\"]},\"messageId\":\"1462229775377-14d83edb-24ba0c75-a9a80f72@gmail.com\"}","timestamp":"2016-05-02T22:56:17.328Z"}
{"level":"info","message":"Monthly Reviews Message Sent: {\"accepted\":[\"logansportadm@millersmerrymanor.com\",\"matthew.s.schmitz@gmail.com\",\"amandap@discovercesolutions.com\",\"debm@discovercesolutions.com\",\"mschmitz@qci.com\",\"jessicag@discovercesolutions.com\"],\"rejected\":[],\"response\":\"250 2.0.0 OK 1462229777 w5sm167782qhc.15 - gsmtp\",\"envelope\":{\"from\":\"contact.executiontrail@gmail.com\",\"to\":[\"logansportadm@millersmerrymanor.com\",\"matthew.s.schmitz@gmail.com\",\"amandap@discovercesolutions.com\",\"debm@discovercesolutions.com\",\"mschmitz@qci.com\",\"jessicag@discovercesolutions.com\"]},\"messageId\":\"1462229775361-32184115-4d71995f-3a567cad@gmail.com\"}","timestamp":"2016-05-02T22:56:17.767Z"}
{"level":"info","message":"Monthly Reviews Message Sent: {\"accepted\":[\"hopeadm@millersmerrymanor.com\",\"matthew.s.schmitz@gmail.com\",\"amandap@discovercesolutions.com\",\"debm@discovercesolutions.com\",\"mschmitz@qci.com\",\"jessicag@discovercesolutions.com\"],\"rejected\":[],\"response\":\"250 2.0.0 OK 1462229778 b139sm177985qhb.3 - gsmtp\",\"envelope\":{\"from\":\"contact.executiontrail@gmail.com\",\"to\":[\"hopeadm@millersmerrymanor.com\",\"matthew.s.schmitz@gmail.com\",\"amandap@discovercesolutions.com\",\"debm@discovercesolutions.com\",\"mschmitz@qci.com\",\"jessicag@discovercesolutions.com\"]},\"messageId\":\"1462229775389-6e04eec9-61704d32-9c645035@gmail.com\"}","timestamp":"2016-05-02T22:56:18.387Z"}
{"level":"info","message":"Monthly Reviews Message Sent: {\"accepted\":[\"dunkirkadm@millersmerrymanor.com\",\"matthew.s.schmitz@gmail.com\",\"amandap@discovercesolutions.com\",\"debm@discovercesolutions.com\",\"mschmitz@qci.com\",\"jessicag@discovercesolutions.com\"],\"rejected\":[],\"response\":\"250 2.0.0 OK 1462229778 z197sm157363qhd.35 - gsmtp\",\"envelope\":{\"from\":\"contact.executiontrail@gmail.com\",\"to\":[\"dunkirkadm@millersmerrymanor.com\",\"matthew.s.schmitz@gmail.com\",\"amandap@discovercesolutions.com\",\"debm@discovercesolutions.com\",\"mschmitz@qci.com\",\"jessicag@discovercesolutions.com\"]},\"messageId\":\"1462229775376-414fb17f-c5afc0b1-dd29fcb9@gmail.com\"}","timestamp":"2016-05-02T22:56:18.510Z"}
{"level":"info","message":"Monthly Reviews Message Sent: {\"accepted\":[\"plymouthadm@millersmerrymanor.com\",\"matthew.s.schmitz@gmail.com\",\"amandap@discovercesolutions.com\",\"debm@discovercesolutions.com\",\"mschmitz@qci.com\",\"jessicag@discovercesolutions.com\"],\"rejected\":[],\"response\":\"250 2.0.0 OK 1462229778 r124sm148223qhr.48 - gsmtp\",\"envelope\":{\"from\":\"contact.executiontrail@gmail.com\",\"to\":[\"plymouthadm@millersmerrymanor.com\",\"matthew.s.schmitz@gmail.com\",\"amandap@discovercesolutions.com\",\"debm@discovercesolutions.com\",\"mschmitz@qci.com\",\"jessicag@discovercesolutions.com\"]},\"messageId\":\"1462229775354-85c08bc3-16023813-25a8fea2@gmail.com\"}","timestamp":"2016-05-02T22:56:18.857Z"}
{"level":"info","message":"Monthly Reviews Message Sent: {\"accepted\":[\"laporteadm@millersmerrymanor.com\",\"matthew.s.schmitz@gmail.com\",\"amandap@discovercesolutions.com\",\"debm@discovercesolutions.com\",\"mschmitz@qci.com\",\"jessicag@discovercesolutions.com\"],\"rejected\":[],\"response\":\"250 2.0.0 OK 1462229779 200sm169317qhw.18 - gsmtp\",\"envelope\":{\"from\":\"contact.executiontrail@gmail.com\",\"to\":[\"laporteadm@millersmerrymanor.com\",\"matthew.s.schmitz@gmail.com\",\"amandap@discovercesolutions.com\",\"debm@discovercesolutions.com\",\"mschmitz@qci.com\",\"jessicag@discovercesolutions.com\"]},\"messageId\":\"1462229775393-7ce0fd0f-ef52b89b-63967653@gmail.com\"}","timestamp":"2016-05-02T22:56:19.115Z"}
{"level":"info","message":"Monthly Reviews Message Sent: {\"accepted\":[\"wakarusaadm@millersmerrymanor.com\",\"matthew.s.schmitz@gmail.com\",\"amandap@discovercesolutions.com\",\"debm@discovercesolutions.com\",\"mschmitz@qci.com\",\"jessicag@discovercesolutions.com\"],\"rejected\":[],\"response\":\"250 2.0.0 OK 1462229779 v5sm165637qhv.21 - gsmtp\",\"envelope\":{\"from\":\"contact.executiontrail@gmail.com\",\"to\":[\"wakarusaadm@millersmerrymanor.com\",\"matthew.s.schmitz@gmail.com\",\"amandap@discovercesolutions.com\",\"debm@discovercesolutions.com\",\"mschmitz@qci.com\",\"jessicag@discovercesolutions.com\"]},\"messageId\":\"1462229775375-f7071e38-2e2bf44b-dc7073ce@gmail.com\"}","timestamp":"2016-05-02T22:56:22.101Z"}
{"level":"info","message":"Monthly Reviews Message Sent: {\"accepted\":[\"marionadm@millersmerrymanor.com\",\"matthew.s.schmitz@gmail.com\",\"amandap@discovercesolutions.com\",\"debm@discovercesolutions.com\",\"mschmitz@qci.com\",\"jessicag@discovercesolutions.com\"],\"rejected\":[],\"response\":\"250 2.0.0 OK 1462229779 a142sm171824qha.12 - gsmtp\",\"envelope\":{\"from\":\"contact.executiontrail@gmail.com\",\"to\":[\"marionadm@millersmerrymanor.com\",\"matthew.s.schmitz@gmail.com\",\"amandap@discovercesolutions.com\",\"debm@discovercesolutions.com\",\"mschmitz@qci.com\",\"jessicag@discovercesolutions.com\"]},\"messageId\":\"1462229775356-9100776e-57f83f71-c474d8b8@gmail.com\"}","timestamp":"2016-05-02T22:56:22.103Z"}
{"level":"info","message":"Monthly Reviews Message Sent: {\"accepted\":[\"hobartadm@millersmerrymanor.com\",\"matthew.s.schmitz@gmail.com\",\"amandap@discovercesolutions.com\",\"debm@discovercesolutions.com\",\"mschmitz@qci.com\",\"jessicag@discovercesolutions.com\"],\"rejected\":[],\"response\":\"250 2.0.0 OK 1462229779 z127sm173745qhz.8 - gsmtp\",\"envelope\":{\"from\":\"contact.executiontrail@gmail.com\",\"to\":[\"hobartadm@millersmerrymanor.com\",\"matthew.s.schmitz@gmail.com\",\"amandap@discovercesolutions.com\",\"debm@discovercesolutions.com\",\"mschmitz@qci.com\",\"jessicag@discovercesolutions.com\"]},\"messageId\":\"1462229775370-37050d27-36dbe2bd-833d56f0@gmail.com\"}","timestamp":"2016-05-02T22:56:22.103Z"}
{"level":"info","message":"Monthly Reviews Message Sent: {\"accepted\":[\"matthew.s.schmitz@gmail.com\",\"amandap@discovercesolutions.com\",\"debm@discovercesolutions.com\",\"mschmitz@qci.com\",\"jessicag@discovercesolutions.com\"],\"rejected\":[],\"response\":\"250 2.0.0 OK 1462229780 r130sm162909qha.25 - gsmtp\",\"envelope\":{\"from\":\"contact.executiontrail@gmail.com\",\"to\":[\"matthew.s.schmitz@gmail.com\",\"amandap@discovercesolutions.com\",\"debm@discovercesolutions.com\",\"mschmitz@qci.com\",\"jessicag@discovercesolutions.com\"]},\"messageId\":\"1462229775364-a251c070-fbee1b45-80eb6bdb@gmail.com\"}","timestamp":"2016-05-02T22:56:22.104Z"}
{"level":"info","message":"Monthly Reviews Message Sent: {\"accepted\":[\"matthew.s.schmitz@gmail.com\",\"amandap@discovercesolutions.com\",\"debm@discovercesolutions.com\",\"mschmitz@qci.com\",\"jessicag@discovercesolutions.com\"],\"rejected\":[],\"response\":\"250 2.0.0 OK 1462229780 79sm167964qhp.19 - gsmtp\",\"envelope\":{\"from\":\"contact.executiontrail@gmail.com\",\"to\":[\"matthew.s.schmitz@gmail.com\",\"amandap@discovercesolutions.com\",\"debm@discovercesolutions.com\",\"mschmitz@qci.com\",\"jessicag@discovercesolutions.com\"]},\"messageId\":\"1462229775392-2e516f9b-275040f5-d11eb372@gmail.com\"}","timestamp":"2016-05-02T22:56:22.104Z"}
{"level":"info","message":"Monthly Reviews Message Sent: {\"accepted\":[\"matthew.s.schmitz@gmail.com\",\"amandap@discovercesolutions.com\",\"debm@discovercesolutions.com\",\"mschmitz@qci.com\",\"jessicag@discovercesolutions.com\"],\"rejected\":[],\"response\":\"250 2.0.0 OK 1462229782 t193sm163985qke.21 - gsmtp\",\"envelope\":{\"from\":\"contact.executiontrail@gmail.com\",\"to\":[\"matthew.s.schmitz@gmail.com\",\"amandap@discovercesolutions.com\",\"debm@discovercesolutions.com\",\"mschmitz@qci.com\",\"jessicag@discovercesolutions.com\"]},\"messageId\":\"1462229775381-1408369f-03dae714-492f2603@gmail.com\"}","timestamp":"2016-05-02T22:56:22.932Z"}
